{"E:\\project-internship-shipra\\Project1-internship\\backend\\src\\middleware\\auth.js": {"path":"E:\\project-internship-shipra\\Project1-internship\\backend\\src\\middleware\\auth.js","statementMap":{"0":{"start":{"line":1,"column":12},"end":{"line":1,"column":35}},"1":{"start":{"line":2,"column":13},"end":{"line":2,"column":38}},"2":{"start":{"line":3,"column":16},"end":{"line":3,"column":44}},"3":{"start":{"line":5,"column":0},"end":{"line":59,"column":2}},"4":{"start":{"line":8,"column":2},"end":{"line":10,"column":3}},"5":{"start":{"line":9,"column":4},"end":{"line":9,"column":52}},"6":{"start":{"line":12,"column":2},"end":{"line":17,"column":3}},"7":{"start":{"line":13,"column":4},"end":{"line":16,"column":7}},"8":{"start":{"line":19,"column":2},"end":{"line":58,"column":3}},"9":{"start":{"line":20,"column":20},"end":{"line":20,"column":61}},"10":{"start":{"line":22,"column":4},"end":{"line":27,"column":5}},"11":{"start":{"line":23,"column":6},"end":{"line":26,"column":9}},"12":{"start":{"line":29,"column":20},"end":{"line":32,"column":6}},"13":{"start":{"line":34,"column":4},"end":{"line":39,"column":5}},"14":{"start":{"line":35,"column":6},"end":{"line":38,"column":9}},"15":{"start":{"line":41,"column":4},"end":{"line":41,"column":67}},"16":{"start":{"line":43,"column":4},"end":{"line":48,"column":5}},"17":{"start":{"line":44,"column":6},"end":{"line":47,"column":9}},"18":{"start":{"line":50,"column":4},"end":{"line":50,"column":60}},"19":{"start":{"line":52,"column":4},"end":{"line":52,"column":11}},"20":{"start":{"line":54,"column":4},"end":{"line":57,"column":7}},"21":{"start":{"line":61,"column":0},"end":{"line":71,"column":2}},"22":{"start":{"line":62,"column":2},"end":{"line":70,"column":4}},"23":{"start":{"line":63,"column":4},"end":{"line":68,"column":5}},"24":{"start":{"line":64,"column":6},"end":{"line":67,"column":9}},"25":{"start":{"line":69,"column":4},"end":{"line":69,"column":11}}},"fnMap":{"0":{"name":"(anonymous_0)","decl":{"start":{"line":5,"column":18},"end":{"line":5,"column":19}},"loc":{"start":{"line":5,"column":44},"end":{"line":59,"column":1}},"line":5},"1":{"name":"(anonymous_1)","decl":{"start":{"line":61,"column":20},"end":{"line":61,"column":21}},"loc":{"start":{"line":61,"column":34},"end":{"line":71,"column":1}},"line":61},"2":{"name":"(anonymous_2)","decl":{"start":{"line":62,"column":9},"end":{"line":62,"column":10}},"loc":{"start":{"line":62,"column":29},"end":{"line":70,"column":3}},"line":62}},"branchMap":{"0":{"loc":{"start":{"line":8,"column":2},"end":{"line":10,"column":3}},"type":"if","locations":[{"start":{"line":8,"column":2},"end":{"line":10,"column":3}},{"start":{},"end":{}}],"line":8},"1":{"loc":{"start":{"line":8,"column":6},"end":{"line":8,"column":81}},"type":"binary-expr","locations":[{"start":{"line":8,"column":6},"end":{"line":8,"column":31}},{"start":{"line":8,"column":35},"end":{"line":8,"column":81}}],"line":8},"2":{"loc":{"start":{"line":12,"column":2},"end":{"line":17,"column":3}},"type":"if","locations":[{"start":{"line":12,"column":2},"end":{"line":17,"column":3}},{"start":{},"end":{}}],"line":12},"3":{"loc":{"start":{"line":22,"column":4},"end":{"line":27,"column":5}},"type":"if","locations":[{"start":{"line":22,"column":4},"end":{"line":27,"column":5}},{"start":{},"end":{}}],"line":22},"4":{"loc":{"start":{"line":34,"column":4},"end":{"line":39,"column":5}},"type":"if","locations":[{"start":{"line":34,"column":4},"end":{"line":39,"column":5}},{"start":{},"end":{}}],"line":34},"5":{"loc":{"start":{"line":34,"column":8},"end":{"line":34,"column":50}},"type":"binary-expr","locations":[{"start":{"line":34,"column":8},"end":{"line":34,"column":16}},{"start":{"line":34,"column":20},"end":{"line":34,"column":50}}],"line":34},"6":{"loc":{"start":{"line":43,"column":4},"end":{"line":48,"column":5}},"type":"if","locations":[{"start":{"line":43,"column":4},"end":{"line":48,"column":5}},{"start":{},"end":{}}],"line":43},"7":{"loc":{"start":{"line":63,"column":4},"end":{"line":68,"column":5}},"type":"if","locations":[{"start":{"line":63,"column":4},"end":{"line":68,"column":5}},{"start":{},"end":{}}],"line":63}},"s":{"0":1,"1":1,"2":1,"3":1,"4":0,"5":0,"6":0,"7":0,"8":0,"9":0,"10":0,"11":0,"12":0,"13":0,"14":0,"15":0,"16":0,"17":0,"18":0,"19":0,"20":0,"21":1,"22":2,"23":2,"24":1,"25":1},"f":{"0":0,"1":2,"2":2},"b":{"0":[0,0],"1":[0,0],"2":[0,0],"3":[0,0],"4":[0,0],"5":[0,0],"6":[0,0],"7":[1,1]},"_coverageSchema":"1a1c01bbd47fc00a2c39e90264f33305004495a9","hash":"1935b53112d4a096387227cb54388e7e2ee5f9c2"}
,"E:\\project-internship-shipra\\Project1-internship\\backend\\src\\models\\Session.js": {"path":"E:\\project-internship-shipra\\Project1-internship\\backend\\src\\models\\Session.js","statementMap":{"0":{"start":{"line":1,"column":17},"end":{"line":1,"column":36}},"1":{"start":{"line":3,"column":22},"end":{"line":28,"column":1}},"2":{"start":{"line":30,"column":0},"end":{"line":30,"column":48}},"3":{"start":{"line":32,"column":0},"end":{"line":32,"column":58}}},"fnMap":{},"branchMap":{},"s":{"0":1,"1":1,"2":1,"3":1},"f":{},"b":{},"_coverageSchema":"1a1c01bbd47fc00a2c39e90264f33305004495a9","hash":"b9262fe7b8aea26cabd95a03d2cc6da2467caf37"}
,"E:\\project-internship-shipra\\Project1-internship\\backend\\src\\models\\User.js": {"path":"E:\\project-internship-shipra\\Project1-internship\\backend\\src\\models\\User.js","statementMap":{"0":{"start":{"line":1,"column":17},"end":{"line":1,"column":36}},"1":{"start":{"line":2,"column":15},"end":{"line":2,"column":32}},"2":{"start":{"line":3,"column":15},"end":{"line":3,"column":34}},"3":{"start":{"line":4,"column":12},"end":{"line":4,"column":35}},"4":{"start":{"line":6,"column":19},"end":{"line":109,"column":2}},"5":{"start":{"line":112,"column":0},"end":{"line":112,"column":53}},"6":{"start":{"line":113,"column":0},"end":{"line":113,"column":67}},"7":{"start":{"line":114,"column":0},"end":{"line":114,"column":31}},"8":{"start":{"line":115,"column":0},"end":{"line":115,"column":30}},"9":{"start":{"line":118,"column":0},"end":{"line":126,"column":3}},"10":{"start":{"line":119,"column":2},"end":{"line":121,"column":3}},"11":{"start":{"line":120,"column":4},"end":{"line":120,"column":18}},"12":{"start":{"line":123,"column":15},"end":{"line":123,"column":39}},"13":{"start":{"line":124,"column":2},"end":{"line":124,"column":57}},"14":{"start":{"line":125,"column":2},"end":{"line":125,"column":9}},"15":{"start":{"line":129,"column":0},"end":{"line":131,"column":2}},"16":{"start":{"line":130,"column":2},"end":{"line":130,"column":64}},"17":{"start":{"line":134,"column":0},"end":{"line":144,"column":2}},"18":{"start":{"line":135,"column":14},"end":{"line":135,"column":33}},"19":{"start":{"line":136,"column":16},"end":{"line":140,"column":3}},"20":{"start":{"line":141,"column":18},"end":{"line":141,"column":35}},"21":{"start":{"line":142,"column":20},"end":{"line":142,"column":48}},"22":{"start":{"line":143,"column":2},"end":{"line":143,"column":35}},"23":{"start":{"line":147,"column":0},"end":{"line":151,"column":2}},"24":{"start":{"line":148,"column":2},"end":{"line":148,"column":31}},"25":{"start":{"line":149,"column":2},"end":{"line":149,"column":20}},"26":{"start":{"line":150,"column":2},"end":{"line":150,"column":28}},"27":{"start":{"line":153,"column":0},"end":{"line":153,"column":52}}},"fnMap":{"0":{"name":"(anonymous_0)","decl":{"start":{"line":118,"column":23},"end":{"line":118,"column":24}},"loc":{"start":{"line":118,"column":44},"end":{"line":126,"column":1}},"line":118},"1":{"name":"(anonymous_1)","decl":{"start":{"line":129,"column":37},"end":{"line":129,"column":38}},"loc":{"start":{"line":129,"column":71},"end":{"line":131,"column":1}},"line":129},"2":{"name":"(anonymous_2)","decl":{"start":{"line":134,"column":39},"end":{"line":134,"column":40}},"loc":{"start":{"line":134,"column":50},"end":{"line":144,"column":1}},"line":134},"3":{"name":"(anonymous_3)","decl":{"start":{"line":147,"column":38},"end":{"line":147,"column":39}},"loc":{"start":{"line":147,"column":61},"end":{"line":151,"column":1}},"line":147}},"branchMap":{"0":{"loc":{"start":{"line":119,"column":2},"end":{"line":121,"column":3}},"type":"if","locations":[{"start":{"line":119,"column":2},"end":{"line":121,"column":3}},{"start":{},"end":{}}],"line":119},"1":{"loc":{"start":{"line":139,"column":17},"end":{"line":139,"column":47}},"type":"binary-expr","locations":[{"start":{"line":139,"column":17},"end":{"line":139,"column":39}},{"start":{"line":139,"column":43},"end":{"line":139,"column":47}}],"line":139}},"s":{"0":1,"1":1,"2":1,"3":1,"4":1,"5":1,"6":1,"7":1,"8":1,"9":1,"10":0,"11":0,"12":0,"13":0,"14":0,"15":1,"16":0,"17":1,"18":0,"19":0,"20":0,"21":0,"22":0,"23":1,"24":0,"25":0,"26":0,"27":1},"f":{"0":0,"1":0,"2":0,"3":0},"b":{"0":[0,0],"1":[0,0]},"_coverageSchema":"1a1c01bbd47fc00a2c39e90264f33305004495a9","hash":"e44d9000d2ad89ac101eb31a0b386cf8d697c05e"}
}
